[2026-01-04 23:45:23,382: INFO: main: >>>>>> stage Data Ingestion stage started <<<<<<]
[2026-01-04 23:45:23,382: INFO: common: YAML file loaded successfully: config/config.yaml]
[2026-01-04 23:45:23,383: INFO: common: YAML file loaded successfully: params.yaml]
[2026-01-04 23:45:23,383: INFO: common: YAML file loaded successfully: schema.yaml]
[2026-01-04 23:45:23,383: INFO: common: Created directory at: artifacts]
[2026-01-04 23:45:23,383: INFO: common: Created directory at: artifacts/data_ingestion]
[2026-01-04 23:45:24,181: INFO: data_ingestion: Downloaded file to: artifacts/data_ingestion/data.zip]
[2026-01-04 23:45:24,194: INFO: main: >>>>>> stage Data Ingestion stage completed <<<<<<

x==========x]
[2026-01-05 00:23:42,730: INFO: common: YAML file loaded successfully: config/config.yaml]
[2026-01-05 00:23:42,732: INFO: common: YAML file loaded successfully: params.yaml]
[2026-01-05 00:23:42,733: INFO: common: YAML file loaded successfully: schema.yaml]
[2026-01-05 00:23:42,734: INFO: common: Created directory at: artifacts]
[2026-01-05 00:23:42,735: INFO: common: Created directory at: artifacts/data_validation]
[2026-01-05 00:27:30,374: INFO: common: YAML file loaded successfully: config/config.yaml]
[2026-01-05 00:27:30,376: INFO: common: YAML file loaded successfully: params.yaml]
[2026-01-05 00:27:30,377: INFO: common: YAML file loaded successfully: schema.yaml]
[2026-01-05 00:27:30,377: INFO: common: Created directory at: artifacts]
[2026-01-05 00:27:30,378: INFO: common: Created directory at: artifacts/data_validation]
[2026-01-05 01:00:07,901: INFO: common: YAML file loaded successfully: config/config.yaml]
[2026-01-05 01:00:07,905: INFO: common: YAML file loaded successfully: params.yaml]
[2026-01-05 01:00:07,906: INFO: common: YAML file loaded successfully: schema.yaml]
[2026-01-05 01:00:07,907: INFO: common: Created directory at: artifacts]
[2026-01-05 01:00:07,907: INFO: common: Created directory at: artifacts/data_validation]
[2026-01-05 01:02:10,906: INFO: common: YAML file loaded successfully: config/config.yaml]
[2026-01-05 01:02:10,908: INFO: common: YAML file loaded successfully: params.yaml]
[2026-01-05 01:02:10,909: INFO: common: YAML file loaded successfully: schema.yaml]
[2026-01-05 01:02:10,910: INFO: common: Created directory at: artifacts]
[2026-01-05 01:02:10,911: INFO: common: Created directory at: artifacts/data_validation]
[2026-01-05 01:02:10,911: INFO: common: Created directory at: artifacts/data_validation/status.txt]
[2026-01-05 01:02:11,903: INFO: common: YAML file loaded successfully: config/config.yaml]
[2026-01-05 01:02:11,904: INFO: common: YAML file loaded successfully: params.yaml]
[2026-01-05 01:02:11,905: INFO: common: YAML file loaded successfully: schema.yaml]
[2026-01-05 01:02:11,905: INFO: common: Created directory at: artifacts]
[2026-01-05 01:02:11,906: INFO: common: Created directory at: artifacts/data_validation]
[2026-01-05 01:02:11,906: INFO: common: Created directory at: artifacts/data_validation/status.txt]
[2026-01-05 01:05:03,693: INFO: common: YAML file loaded successfully: config/config.yaml]
[2026-01-05 01:05:03,696: INFO: common: YAML file loaded successfully: params.yaml]
[2026-01-05 01:05:03,696: INFO: common: YAML file loaded successfully: schema.yaml]
[2026-01-05 01:05:03,697: INFO: common: Created directory at: artifacts]
[2026-01-05 01:05:03,698: INFO: common: Created directory at: artifacts/data_validation]
[2026-01-05 01:05:10,818: INFO: common: YAML file loaded successfully: config/config.yaml]
[2026-01-05 01:05:10,820: INFO: common: YAML file loaded successfully: params.yaml]
[2026-01-05 01:05:10,821: INFO: common: YAML file loaded successfully: schema.yaml]
[2026-01-05 01:05:10,821: INFO: common: Created directory at: artifacts]
[2026-01-05 01:05:10,822: INFO: common: Created directory at: artifacts/data_validation]
[2026-01-05 01:05:17,947: INFO: common: YAML file loaded successfully: config/config.yaml]
[2026-01-05 01:05:17,948: INFO: common: YAML file loaded successfully: params.yaml]
[2026-01-05 01:05:17,949: INFO: common: YAML file loaded successfully: schema.yaml]
[2026-01-05 01:05:17,950: INFO: common: Created directory at: artifacts]
[2026-01-05 01:05:17,950: INFO: common: Created directory at: artifacts/data_validation]
[2026-01-05 01:05:46,843: INFO: common: YAML file loaded successfully: config/config.yaml]
[2026-01-05 01:05:46,844: INFO: common: YAML file loaded successfully: params.yaml]
[2026-01-05 01:05:46,845: INFO: common: YAML file loaded successfully: schema.yaml]
[2026-01-05 01:05:46,846: INFO: common: Created directory at: artifacts]
[2026-01-05 01:05:46,846: INFO: common: Created directory at: artifacts/data_validation]
[2026-01-05 01:05:46,847: INFO: common: Created directory at: artifacts/data_validation/status.txt]
[2026-01-05 01:05:48,093: INFO: common: YAML file loaded successfully: config/config.yaml]
[2026-01-05 01:05:48,094: INFO: common: YAML file loaded successfully: params.yaml]
[2026-01-05 01:05:48,095: INFO: common: YAML file loaded successfully: schema.yaml]
[2026-01-05 01:05:48,096: INFO: common: Created directory at: artifacts]
[2026-01-05 01:05:48,096: INFO: common: Created directory at: artifacts/data_validation]
[2026-01-05 01:05:48,097: INFO: common: Created directory at: artifacts/data_validation/status.txt]
[2026-01-05 01:06:08,400: INFO: common: YAML file loaded successfully: config/config.yaml]
[2026-01-05 01:06:08,402: INFO: common: YAML file loaded successfully: params.yaml]
[2026-01-05 01:06:08,403: INFO: common: YAML file loaded successfully: schema.yaml]
[2026-01-05 01:06:08,403: INFO: common: Created directory at: artifacts]
[2026-01-05 01:06:08,404: INFO: common: Created directory at: artifacts/data_validation]
[2026-01-05 01:06:09,411: INFO: common: YAML file loaded successfully: config/config.yaml]
[2026-01-05 01:06:09,412: INFO: common: YAML file loaded successfully: params.yaml]
[2026-01-05 01:06:09,414: INFO: common: YAML file loaded successfully: schema.yaml]
[2026-01-05 01:06:09,414: INFO: common: Created directory at: artifacts]
[2026-01-05 01:06:09,415: INFO: common: Created directory at: artifacts/data_validation]
[2026-01-05 01:06:24,037: INFO: common: YAML file loaded successfully: config/config.yaml]
[2026-01-05 01:06:24,038: INFO: common: YAML file loaded successfully: params.yaml]
[2026-01-05 01:06:24,039: INFO: common: YAML file loaded successfully: schema.yaml]
[2026-01-05 01:06:24,040: INFO: common: Created directory at: artifacts]
[2026-01-05 01:06:24,040: INFO: common: Created directory at: artifacts/data_validation]
[2026-01-05 01:06:35,763: INFO: common: YAML file loaded successfully: config/config.yaml]
[2026-01-05 01:06:35,765: INFO: common: YAML file loaded successfully: params.yaml]
[2026-01-05 01:06:35,766: INFO: common: YAML file loaded successfully: schema.yaml]
[2026-01-05 01:06:35,766: INFO: common: Created directory at: artifacts]
[2026-01-05 01:06:35,767: INFO: common: Created directory at: artifacts/data_validation]
[2026-01-05 01:07:15,464: INFO: common: YAML file loaded successfully: config/config.yaml]
[2026-01-05 01:07:15,466: INFO: common: YAML file loaded successfully: params.yaml]
[2026-01-05 01:07:15,467: INFO: common: YAML file loaded successfully: schema.yaml]
[2026-01-05 01:07:15,468: INFO: common: Created directory at: artifacts]
[2026-01-05 01:07:15,468: INFO: common: Created directory at: artifacts/data_validation]
[2026-01-05 01:08:39,478: INFO: common: YAML file loaded successfully: config/config.yaml]
[2026-01-05 01:08:39,479: INFO: common: YAML file loaded successfully: params.yaml]
[2026-01-05 01:08:39,480: INFO: common: YAML file loaded successfully: schema.yaml]
[2026-01-05 01:08:39,481: INFO: common: Created directory at: artifacts]
[2026-01-05 01:08:39,481: INFO: common: Created directory at: artifacts/data_validation]
[2026-01-05 01:09:10,832: INFO: common: YAML file loaded successfully: config/config.yaml]
[2026-01-05 01:09:10,833: INFO: common: YAML file loaded successfully: params.yaml]
[2026-01-05 01:09:10,834: INFO: common: YAML file loaded successfully: schema.yaml]
[2026-01-05 01:09:10,834: INFO: common: Created directory at: artifacts]
[2026-01-05 01:09:10,835: INFO: common: Created directory at: artifacts/data_validation]
[2026-01-05 01:09:12,033: INFO: common: YAML file loaded successfully: config/config.yaml]
[2026-01-05 01:09:12,034: INFO: common: YAML file loaded successfully: params.yaml]
[2026-01-05 01:09:12,036: INFO: common: YAML file loaded successfully: schema.yaml]
[2026-01-05 01:09:12,036: INFO: common: Created directory at: artifacts]
[2026-01-05 01:09:12,037: INFO: common: Created directory at: artifacts/data_validation]
[2026-01-05 01:09:16,427: INFO: common: YAML file loaded successfully: config/config.yaml]
[2026-01-05 01:09:16,428: INFO: common: YAML file loaded successfully: params.yaml]
[2026-01-05 01:09:16,429: INFO: common: YAML file loaded successfully: schema.yaml]
[2026-01-05 01:09:16,430: INFO: common: Created directory at: artifacts]
[2026-01-05 01:09:16,430: INFO: common: Created directory at: artifacts/data_validation]
[2026-01-05 01:15:16,523: INFO: common: YAML file loaded successfully: config/config.yaml]
[2026-01-05 01:15:16,525: INFO: common: YAML file loaded successfully: params.yaml]
[2026-01-05 01:15:16,526: INFO: common: YAML file loaded successfully: schema.yaml]
[2026-01-05 01:15:16,527: INFO: common: Created directory at: artifacts]
[2026-01-05 01:15:16,527: INFO: common: Created directory at: artifacts/data_validation]
[2026-01-05 01:15:40,329: INFO: common: YAML file loaded successfully: config/config.yaml]
[2026-01-05 01:15:40,330: INFO: common: YAML file loaded successfully: params.yaml]
[2026-01-05 01:15:40,331: INFO: common: YAML file loaded successfully: schema.yaml]
[2026-01-05 01:15:40,332: INFO: common: Created directory at: artifacts]
[2026-01-05 01:15:40,332: INFO: common: Created directory at: artifacts/data_validation]
[2026-01-05 01:17:15,286: INFO: common: YAML file loaded successfully: config/config.yaml]
[2026-01-05 01:17:15,289: INFO: common: YAML file loaded successfully: params.yaml]
[2026-01-05 01:17:15,290: INFO: common: YAML file loaded successfully: schema.yaml]
[2026-01-05 01:17:15,290: INFO: common: Created directory at: artifacts]
[2026-01-05 01:17:15,291: INFO: common: Created directory at: artifacts/data_validation]
[2026-01-05 01:20:25,184: INFO: common: YAML file loaded successfully: config/config.yaml]
[2026-01-05 01:20:25,186: INFO: common: YAML file loaded successfully: params.yaml]
[2026-01-05 01:20:25,188: INFO: common: YAML file loaded successfully: schema.yaml]
[2026-01-05 01:20:25,189: INFO: common: Created directory at: artifacts]
[2026-01-05 01:20:25,189: INFO: common: Created directory at: artifacts/data_validation]
[2026-01-05 01:20:25,190: INFO: common: Created directory at: artifacts/data_validation/status.txt]
[2026-01-05 01:21:46,640: INFO: common: YAML file loaded successfully: config/config.yaml]
[2026-01-05 01:21:46,642: INFO: common: YAML file loaded successfully: params.yaml]
[2026-01-05 01:21:46,643: INFO: common: YAML file loaded successfully: schema.yaml]
[2026-01-05 01:21:46,644: INFO: common: Created directory at: artifacts]
[2026-01-05 01:21:46,644: INFO: common: Created directory at: artifacts/data_validation]
[2026-01-05 01:21:46,645: INFO: common: Created directory at: artifacts/data_validation/status.txt]
[2026-01-05 01:27:36,422: INFO: common: YAML file loaded successfully: config/config.yaml]
[2026-01-05 01:27:36,424: INFO: common: YAML file loaded successfully: params.yaml]
[2026-01-05 01:27:36,425: INFO: common: YAML file loaded successfully: schema.yaml]
[2026-01-05 01:27:36,425: INFO: common: Created directory at: artifacts]
[2026-01-05 01:27:36,426: INFO: common: Created directory at: artifacts/data_validation]
[2026-01-05 01:27:36,426: INFO: common: Created directory at: artifacts/data_validation/status.txt]
[2026-01-05 01:37:42,357: INFO: common: YAML file loaded successfully: config/config.yaml]
[2026-01-05 01:37:42,359: INFO: common: YAML file loaded successfully: params.yaml]
[2026-01-05 01:37:42,359: INFO: common: YAML file loaded successfully: schema.yaml]
[2026-01-05 01:37:42,360: INFO: common: Created directory at: artifacts]
[2026-01-05 01:37:42,361: INFO: common: Created directory at: artifacts/data_validation]
[2026-01-05 01:37:53,244: INFO: common: YAML file loaded successfully: config/config.yaml]
[2026-01-05 01:37:53,245: INFO: common: YAML file loaded successfully: params.yaml]
[2026-01-05 01:37:53,246: INFO: common: YAML file loaded successfully: schema.yaml]
[2026-01-05 01:37:53,246: INFO: common: Created directory at: artifacts]
[2026-01-05 01:37:53,247: INFO: common: Created directory at: artifacts/data_validation]
[2026-01-05 01:38:13,214: INFO: common: YAML file loaded successfully: config/config.yaml]
[2026-01-05 01:38:13,216: INFO: common: YAML file loaded successfully: params.yaml]
[2026-01-05 01:38:13,217: INFO: common: YAML file loaded successfully: schema.yaml]
[2026-01-05 01:38:13,217: INFO: common: Created directory at: artifacts]
[2026-01-05 01:38:13,218: INFO: common: Created directory at: artifacts/data_validation]
[2026-01-05 01:38:19,688: INFO: common: YAML file loaded successfully: config/config.yaml]
[2026-01-05 01:38:19,689: INFO: common: YAML file loaded successfully: params.yaml]
[2026-01-05 01:38:19,690: INFO: common: YAML file loaded successfully: schema.yaml]
[2026-01-05 01:38:19,690: INFO: common: Created directory at: artifacts]
[2026-01-05 01:38:19,691: INFO: common: Created directory at: artifacts/data_validation]
[2026-01-06 19:01:16,027: INFO: main: >>>>>> stage Data Ingestion stage started <<<<<<]
[2026-01-06 19:01:16,028: INFO: common: YAML file loaded successfully: config/config.yaml]
[2026-01-06 19:01:16,028: INFO: common: YAML file loaded successfully: params.yaml]
[2026-01-06 19:01:16,028: INFO: common: YAML file loaded successfully: schema.yaml]
[2026-01-06 19:01:16,028: INFO: common: Created directory at: artifacts]
[2026-01-06 19:01:16,028: INFO: common: Created directory at: artifacts/data_ingestion]
[2026-01-06 19:01:16,028: INFO: data_ingestion: File already exists of size: ~ 696 KB]
[2026-01-06 19:01:16,033: INFO: main: >>>>>> stage Data Ingestion stage completed <<<<<<

x==========x]
[2026-01-06 19:01:37,338: INFO: main: >>>>>> stage Data Ingestion stage started <<<<<<]
[2026-01-06 19:01:37,339: INFO: common: YAML file loaded successfully: config/config.yaml]
[2026-01-06 19:01:37,339: INFO: common: YAML file loaded successfully: params.yaml]
[2026-01-06 19:01:37,339: INFO: common: YAML file loaded successfully: schema.yaml]
[2026-01-06 19:01:37,339: INFO: common: Created directory at: artifacts]
[2026-01-06 19:01:37,339: INFO: common: Created directory at: artifacts/data_ingestion]
[2026-01-06 19:01:38,106: INFO: data_ingestion: Downloaded file to: artifacts/data_ingestion/data.zip]
[2026-01-06 19:01:38,119: INFO: main: >>>>>> stage Data Ingestion stage completed <<<<<<

x==========x]
[2026-01-06 19:03:06,769: INFO: common: YAML file loaded successfully: config/config.yaml]
[2026-01-06 19:03:06,771: INFO: common: YAML file loaded successfully: params.yaml]
[2026-01-06 19:03:06,772: INFO: common: YAML file loaded successfully: schema.yaml]
[2026-01-06 19:03:06,773: INFO: common: Created directory at: artifacts]
[2026-01-06 19:03:06,773: INFO: common: Created directory at: artifacts/data_validation]
[2026-01-06 19:08:40,851: INFO: common: YAML file loaded successfully: config/config.yaml]
[2026-01-06 19:08:40,853: INFO: common: YAML file loaded successfully: params.yaml]
[2026-01-06 19:08:40,854: INFO: common: YAML file loaded successfully: schema.yaml]
[2026-01-06 19:08:40,854: INFO: common: Created directory at: artifacts]
[2026-01-06 19:08:40,855: INFO: common: Created directory at: artifacts/data_validation]
[2026-01-06 19:11:08,837: INFO: common: YAML file loaded successfully: config/config.yaml]
[2026-01-06 19:11:08,839: INFO: common: YAML file loaded successfully: params.yaml]
[2026-01-06 19:11:08,841: INFO: common: YAML file loaded successfully: schema.yaml]
[2026-01-06 19:11:08,841: INFO: common: Created directory at: artifacts]
[2026-01-06 19:11:08,842: INFO: common: Created directory at: artifacts/data_validation]
[2026-01-06 19:15:35,359: INFO: common: YAML file loaded successfully: config/config.yaml]
[2026-01-06 19:15:35,361: INFO: common: YAML file loaded successfully: params.yaml]
[2026-01-06 19:15:35,362: INFO: common: YAML file loaded successfully: schema.yaml]
[2026-01-06 19:15:35,362: INFO: common: Created directory at: artifacts]
[2026-01-06 19:15:35,363: INFO: common: Created directory at: artifacts/data_validation]
[2026-01-06 19:30:46,595: INFO: main: >>>>>> stage Data Ingestion stage started <<<<<<]
[2026-01-06 19:30:46,596: INFO: common: YAML file loaded successfully: config/config.yaml]
[2026-01-06 19:30:46,597: INFO: common: YAML file loaded successfully: params.yaml]
[2026-01-06 19:30:46,597: INFO: common: YAML file loaded successfully: schema.yaml]
[2026-01-06 19:30:46,597: INFO: common: Created directory at: artifacts]
[2026-01-06 19:30:46,597: INFO: common: Created directory at: artifacts/data_ingestion]
[2026-01-06 19:30:47,302: INFO: data_ingestion: Downloaded file to: artifacts/data_ingestion/data.zip]
[2026-01-06 19:30:47,314: INFO: main: >>>>>> stage Data Ingestion stage completed <<<<<<

x==========x]
[2026-01-06 19:30:47,315: INFO: main: >>>>>> stage Data Validation stage started <<<<<<]
[2026-01-06 19:30:47,316: INFO: common: YAML file loaded successfully: config/config.yaml]
[2026-01-06 19:30:47,317: INFO: common: YAML file loaded successfully: params.yaml]
[2026-01-06 19:30:47,317: INFO: common: YAML file loaded successfully: schema.yaml]
[2026-01-06 19:30:47,317: INFO: common: Created directory at: artifacts]
[2026-01-06 19:30:47,317: INFO: common: Created directory at: artifacts]
[2026-01-06 19:30:47,318: INFO: common: Created directory at: artifacts/data_validation]
[2026-01-06 19:30:47,358: INFO: main: >>>>>> stage Data Validation stage completed <<<<<<

x==========x]
[2026-01-06 20:04:15,941: INFO: main: >>>>>> stage Data Ingestion stage started <<<<<<]
[2026-01-06 20:04:15,942: INFO: common: YAML file loaded successfully: config/config.yaml]
[2026-01-06 20:04:15,942: INFO: common: YAML file loaded successfully: params.yaml]
[2026-01-06 20:04:15,942: INFO: common: YAML file loaded successfully: schema.yaml]
[2026-01-06 20:04:15,942: INFO: common: Created directory at: artifacts]
[2026-01-06 20:04:15,942: INFO: common: Created directory at: artifacts/data_ingestion]
[2026-01-06 20:04:15,943: INFO: data_ingestion: File already exists of size: ~ 696 KB]
[2026-01-06 20:04:15,947: INFO: main: >>>>>> stage Data Ingestion stage completed <<<<<<

x==========x]
[2026-01-06 20:04:15,947: INFO: main: >>>>>> stage Data Validation stage started <<<<<<]
[2026-01-06 20:04:15,948: INFO: common: YAML file loaded successfully: config/config.yaml]
[2026-01-06 20:04:15,948: INFO: common: YAML file loaded successfully: params.yaml]
[2026-01-06 20:04:15,948: INFO: common: YAML file loaded successfully: schema.yaml]
[2026-01-06 20:04:15,948: INFO: common: Created directory at: artifacts]
[2026-01-06 20:04:15,948: INFO: common: Created directory at: artifacts]
[2026-01-06 20:04:15,948: INFO: common: Created directory at: artifacts/data_validation]
[2026-01-06 20:04:15,971: INFO: main: >>>>>> stage Data Validation stage completed <<<<<<

x==========x]
[2026-01-06 20:04:27,976: INFO: main: >>>>>> stage Data Ingestion stage started <<<<<<]
[2026-01-06 20:04:27,977: INFO: common: YAML file loaded successfully: config/config.yaml]
[2026-01-06 20:04:27,977: INFO: common: YAML file loaded successfully: params.yaml]
[2026-01-06 20:04:27,977: INFO: common: YAML file loaded successfully: schema.yaml]
[2026-01-06 20:04:27,977: INFO: common: Created directory at: artifacts]
[2026-01-06 20:04:27,977: INFO: common: Created directory at: artifacts/data_ingestion]
[2026-01-06 20:04:28,688: INFO: data_ingestion: Downloaded file to: artifacts/data_ingestion/data.zip]
[2026-01-06 20:04:28,701: INFO: main: >>>>>> stage Data Ingestion stage completed <<<<<<

x==========x]
[2026-01-06 20:04:28,704: INFO: main: >>>>>> stage Data Validation stage started <<<<<<]
[2026-01-06 20:04:28,706: INFO: common: YAML file loaded successfully: config/config.yaml]
[2026-01-06 20:04:28,706: INFO: common: YAML file loaded successfully: params.yaml]
[2026-01-06 20:04:28,707: INFO: common: YAML file loaded successfully: schema.yaml]
[2026-01-06 20:04:28,707: INFO: common: Created directory at: artifacts]
[2026-01-06 20:04:28,708: INFO: common: Created directory at: artifacts]
[2026-01-06 20:04:28,708: INFO: common: Created directory at: artifacts/data_validation]
[2026-01-06 20:04:28,749: INFO: main: >>>>>> stage Data Validation stage completed <<<<<<

x==========x]
